android/app/build/intermediates/manifest_merge_blame_file/release/manifest-merger-blame-release-report.txt
1<?xml version="1.0" encoding="utf-8"?>
2<manifest xmlns:android="http://schemas.android.com/apk/res/android"
3    package="com.spprovider"
4    android:versionCode="1"
5    android:versionName="1.0" >
6
7    <uses-sdk
8        android:minSdkVersion="21"
8-->src/main/AndroidManifest.xml
9        android:targetSdkVersion="27" />
9-->src/main/AndroidManifest.xml
10
11    <uses-permission android:name="android.permission.CAMERA" />
11-->src/main/AndroidManifest.xml:2:3-63
11-->src/main/AndroidManifest.xml:2:20-60
12    <uses-permission android:name="android.permission.READ_EXTERNAL_STORAGE" />
12-->src/main/AndroidManifest.xml:3:3-77
12-->src/main/AndroidManifest.xml:3:20-75
13    <uses-permission android:name="android.permission.WRITE_EXTERNAL_STORAGE" />
13-->src/main/AndroidManifest.xml:4:3-79
13-->src/main/AndroidManifest.xml:4:20-76
14    <uses-permission android:name="android.permission.INTERNET" />
14-->src/main/AndroidManifest.xml:5:3-65
14-->src/main/AndroidManifest.xml:5:20-62
15    <uses-permission android:name="android.permission.ACCESS_NETWORK_STATE" />
15-->src/main/AndroidManifest.xml:6:3-76
15-->src/main/AndroidManifest.xml:6:20-74
16    <uses-permission android:name="android.permission.ACCESS_COARSE_LOCATION" />
16-->src/main/AndroidManifest.xml:7:3-78
16-->src/main/AndroidManifest.xml:7:20-76
17    <uses-permission android:name="android.permission.ACCESS_FINE_LOCATION" />
17-->src/main/AndroidManifest.xml:8:3-77
17-->src/main/AndroidManifest.xml:8:20-74
18
19    <queries>
19-->[:react-native-image-crop-picker] AndroidManifest.xml:10:5-14:15
20        <intent>
20-->[:react-native-image-crop-picker] AndroidManifest.xml:11:9-13:18
21            <action android:name="android.media.action.IMAGE_CAPTURE" />
21-->[:react-native-image-crop-picker] AndroidManifest.xml:12:13-73
21-->[:react-native-image-crop-picker] AndroidManifest.xml:12:21-70
22        </intent>
23    </queries>
24
25    <uses-feature
25-->[com.google.android.gms:play-services-maps:17.0.0] AndroidManifest.xml:26:5-28:35
26        android:glEsVersion="0x00020000"
26-->[com.google.android.gms:play-services-maps:17.0.0] AndroidManifest.xml:27:9-41
27        android:required="true" />
27-->[com.google.android.gms:play-services-maps:17.0.0] AndroidManifest.xml:28:9-32
28
29    <application
29-->src/main/AndroidManifest.xml:9:3-18:17
30        android:name="com.spprovider.MainApplication"
30-->src/main/AndroidManifest.xml:9:16-47
31        android:allowBackup="false"
31-->src/main/AndroidManifest.xml:9:198-225
32        android:appComponentFactory="androidx.core.app.CoreComponentFactory"
32-->[androidx.core:core:1.1.0] AndroidManifest.xml:24:18-86
33        android:icon="@mipmap/ic_launcher"
33-->src/main/AndroidManifest.xml:9:81-115
34        android:label="@string/app_name"
34-->src/main/AndroidManifest.xml:9:48-80
35        android:roundIcon="@mipmap/ic_launcher_round"
35-->src/main/AndroidManifest.xml:9:116-161
36        android:theme="@style/AppTheme"
36-->src/main/AndroidManifest.xml:9:226-257
37        android:usesCleartextTraffic="true" >
37-->src/main/AndroidManifest.xml:9:162-197
38        <activity
38-->src/main/AndroidManifest.xml:10:5-15:16
39            android:name="com.spprovider.MainActivity"
39-->src/main/AndroidManifest.xml:10:15-43
40            android:configChanges="keyboard|keyboardHidden|orientation|screenSize|uiMode"
40-->src/main/AndroidManifest.xml:10:77-154
41            android:label="@string/app_name"
41-->src/main/AndroidManifest.xml:10:44-76
42            android:launchMode="singleTask"
42-->src/main/AndroidManifest.xml:10:155-186
43            android:windowSoftInputMode="adjustResize" >
43-->src/main/AndroidManifest.xml:10:187-229
44            <intent-filter>
44-->src/main/AndroidManifest.xml:11:7-14:23
45                <action android:name="android.intent.action.MAIN" />
45-->src/main/AndroidManifest.xml:12:9-61
45-->src/main/AndroidManifest.xml:12:17-58
46
47                <category android:name="android.intent.category.LAUNCHER" />
47-->src/main/AndroidManifest.xml:13:9-69
47-->src/main/AndroidManifest.xml:13:19-66
48            </intent-filter>
49        </activity>
50
51        <meta-data
51-->src/main/AndroidManifest.xml:16:5-119
52            android:name="com.google.android.geo.API_KEY"
52-->src/main/AndroidManifest.xml:16:16-61
53            android:value="AIzaSyBKowFDX0jDn687et4wgSmFpXiK-bj5Gj4" />
53-->src/main/AndroidManifest.xml:16:62-117
54
55        <activity android:name="com.facebook.react.devsupport.DevSettingsActivity" />
55-->src/main/AndroidManifest.xml:17:5-82
55-->src/main/AndroidManifest.xml:17:15-79
56        <activity android:name="com.masteratul.exceptionhandler.DefaultErrorScreen" >
56-->[:react-native-exception-handler] AndroidManifest.xml:12:9-13:20
56-->[:react-native-exception-handler] AndroidManifest.xml:12:19-84
57        </activity>
58
59        <provider
59-->[:react-native-image-crop-picker] AndroidManifest.xml:19:9-27:20
60            android:name="androidx.core.content.FileProvider"
60-->[:react-native-image-crop-picker] AndroidManifest.xml:20:13-62
61            android:authorities="com.spprovider.provider"
61-->[:react-native-image-crop-picker] AndroidManifest.xml:21:13-60
62            android:exported="false"
62-->[:react-native-image-crop-picker] AndroidManifest.xml:22:13-37
63            android:grantUriPermissions="true" >
63-->[:react-native-image-crop-picker] AndroidManifest.xml:23:13-47
64            <meta-data
64-->[:react-native-image-crop-picker] AndroidManifest.xml:24:13-26:58
65                android:name="android.support.FILE_PROVIDER_PATHS"
65-->[:react-native-image-crop-picker] AndroidManifest.xml:25:17-67
66                android:resource="@xml/provider_paths" />
66-->[:react-native-image-crop-picker] AndroidManifest.xml:26:17-55
67        </provider>
68
69        <activity
69-->[:react-native-image-crop-picker] AndroidManifest.xml:29:9-31:72
70            android:name="com.yalantis.ucrop.UCropActivity"
70-->[:react-native-image-crop-picker] AndroidManifest.xml:30:13-60
71            android:theme="@style/Theme.AppCompat.Light.NoActionBar" /> <!-- Needs to be explicitly declared on P+ -->
71-->[:react-native-image-crop-picker] AndroidManifest.xml:31:13-69
72        <uses-library
72-->[com.google.android.gms:play-services-maps:17.0.0] AndroidManifest.xml:33:9-35:40
73            android:name="org.apache.http.legacy"
73-->[com.google.android.gms:play-services-maps:17.0.0] AndroidManifest.xml:34:13-50
74            android:required="false" />
74-->[com.google.android.gms:play-services-maps:17.0.0] AndroidManifest.xml:35:13-37
75
76        <activity
76-->[com.google.android.gms:play-services-base:17.0.0] AndroidManifest.xml:23:9-26:75
77            android:name="com.google.android.gms.common.api.GoogleApiActivity"
77-->[com.google.android.gms:play-services-base:17.0.0] AndroidManifest.xml:24:13-79
78            android:exported="false"
78-->[com.google.android.gms:play-services-base:17.0.0] AndroidManifest.xml:25:13-37
79            android:theme="@android:style/Theme.Translucent.NoTitleBar" />
79-->[com.google.android.gms:play-services-base:17.0.0] AndroidManifest.xml:26:13-72
80
81        <meta-data
81-->[com.google.android.gms:play-services-basement:17.0.0] AndroidManifest.xml:23:9-25:69
82            android:name="com.google.android.gms.version"
82-->[com.google.android.gms:play-services-basement:17.0.0] AndroidManifest.xml:24:13-58
83            android:value="@integer/google_play_services_version" />
83-->[com.google.android.gms:play-services-basement:17.0.0] AndroidManifest.xml:25:13-66
84    </application>
85
86</manifest>